# JRE version: Java(TM) SE Runtime Environment (8.0_51-b16) (build 1.8.0_51-b16)
# Java VM: Java HotSpot(TM) 64-Bit Server VM (25.51-b03 mixed mode windows-amd64 compressed oops)
Heap:
 PSYoungGen      total 245760K, used 34010K [0x00000000d5c00000, 0x00000000e5f00000, 0x0000000100000000)
  eden space 229376K, 14% used [0x00000000d5c00000,0x00000000d7d36b70,0x00000000e3c00000)
  from space 16384K, 0% used [0x00000000e4c80000,0x00000000e4c80000,0x00000000e5c80000)
  to   space 16896K, 0% used [0x00000000e3c00000,0x00000000e3c00000,0x00000000e4c80000)
 ParOldGen       total 67072K, used 56995K [0x0000000081400000, 0x0000000085580000, 0x00000000d5c00000)
  object space 67072K, 84% used [0x0000000081400000,0x0000000084ba8fb0,0x0000000085580000)
 Metaspace       used 49284K, capacity 51634K, committed 51968K, reserved 1095680K
  class space    used 6370K, capacity 6800K, committed 6912K, reserved 1048576K
GC Heap History (10 events):
Event: 9.380 GC heap before
{Heap before GC invocations=15 (full 2):
 PSYoungGen      total 245760K, used 229376K [0x00000000d5c00000, 0x00000000e5f00000, 0x0000000100000000)
  eden space 229376K, 100% used [0x00000000d5c00000,0x00000000e3c00000,0x00000000e3c00000)
  from space 16384K, 0% used [0x00000000e4c80000,0x00000000e4c80000,0x00000000e5c80000)
  to   space 16896K, 0% used [0x00000000e3c00000,0x00000000e3c00000,0x00000000e4c80000)
 ParOldGen       total 67072K, used 35561K [0x0000000081400000, 0x0000000085580000, 0x00000000d5c00000)
  object space 67072K, 53% used [0x0000000081400000,0x00000000836ba5f8,0x0000000085580000)
 Metaspace       used 36448K, capacity 38218K, committed 38400K, reserved 1083392K
  class space    used 4694K, capacity 5045K, committed 5120K, reserved 1048576K
Event: 9.394 GC heap after
Heap after GC invocations=15 (full 2):
 PSYoungGen      total 246272K, used 8514K [0x00000000d5c00000, 0x00000000e5f00000, 0x0000000100000000)
  eden space 229376K, 0% used [0x00000000d5c00000,0x00000000d5c00000,0x00000000e3c00000)
  from space 16896K, 50% used [0x00000000e3c00000,0x00000000e44509e0,0x00000000e4c80000)
  to   space 16384K, 0% used [0x00000000e4c80000,0x00000000e4c80000,0x00000000e5c80000)
 ParOldGen       total 67072K, used 35569K [0x0000000081400000, 0x0000000085580000, 0x00000000d5c00000)
  object space 67072K, 53% used [0x0000000081400000,0x00000000836bc5f8,0x0000000085580000)
 Metaspace       used 36448K, capacity 38218K, committed 38400K, reserved 1083392K
  class space    used 4694K, capacity 5045K, committed 5120K, reserved 1048576K
}
Event: 10.494 GC heap before
{Heap before GC invocations=16 (full 2):
 PSYoungGen      total 246272K, used 237890K [0x00000000d5c00000, 0x00000000e5f00000, 0x0000000100000000)
  eden space 229376K, 100% used [0x00000000d5c00000,0x00000000e3c00000,0x00000000e3c00000)
  from space 16896K, 50% used [0x00000000e3c00000,0x00000000e44509e0,0x00000000e4c80000)
  to   space 16384K, 0% used [0x00000000e4c80000,0x00000000e4c80000,0x00000000e5c80000)
 ParOldGen       total 67072K, used 35569K [0x0000000081400000, 0x0000000085580000, 0x00000000d5c00000)
  object space 67072K, 53% used [0x0000000081400000,0x00000000836bc5f8,0x0000000085580000)
 Metaspace       used 39692K, capacity 41850K, committed 41984K, reserved 1085440K
  class space    used 5127K, capacity 5515K, committed 5632K, reserved 1048576K
Event: 10.508 GC heap after
Heap after GC invocations=16 (full 2):
 PSYoungGen      total 245760K, used 9861K [0x00000000d5c00000, 0x00000000e5f00000, 0x0000000100000000)
  eden space 229376K, 0% used [0x00000000d5c00000,0x00000000d5c00000,0x00000000e3c00000)
  from space 16384K, 60% used [0x00000000e4c80000,0x00000000e5621410,0x00000000e5c80000)
  to   space 16896K, 0% used [0x00000000e3c00000,0x00000000e3c00000,0x00000000e4c80000)
 ParOldGen       total 67072K, used 39826K [0x0000000081400000, 0x0000000085580000, 0x00000000d5c00000)
  object space 67072K, 59% used [0x0000000081400000,0x0000000083ae4a10,0x0000000085580000)
 Metaspace       used 39692K, capacity 41850K, committed 41984K, reserved 1085440K
  class space    used 5127K, capacity 5515K, committed 5632K, reserved 1048576K
}
Event: 11.810 GC heap before
{Heap before GC invocations=17 (full 2):
 PSYoungGen      total 245760K, used 239237K [0x00000000d5c00000, 0x00000000e5f00000, 0x0000000100000000)
  eden space 229376K, 100% used [0x00000000d5c00000,0x00000000e3c00000,0x00000000e3c00000)
  from space 16384K, 60% used [0x00000000e4c80000,0x00000000e5621410,0x00000000e5c80000)
  to   space 16896K, 0% used [0x00000000e3c00000,0x00000000e3c00000,0x00000000e4c80000)
 ParOldGen       total 67072K, used 39826K [0x0000000081400000, 0x0000000085580000, 0x00000000d5c00000)
  object space 67072K, 59% used [0x0000000081400000,0x0000000083ae4a10,0x0000000085580000)
 Metaspace       used 46091K, capacity 48336K, committed 48640K, reserved 1091584K
  class space    used 5960K, capacity 6379K, committed 6400K, reserved 1048576K
Event: 11.831 GC heap after
Heap after GC invocations=17 (full 2):
 PSYoungGen      total 246272K, used 14797K [0x00000000d5c00000, 0x00000000e5f00000, 0x0000000100000000)
  eden space 229376K, 0% used [0x00000000d5c00000,0x00000000d5c00000,0x00000000e3c00000)
  from space 16896K, 87% used [0x00000000e3c00000,0x00000000e4a73648,0x00000000e4c80000)
  to   space 16384K, 0% used [0x00000000e4c80000,0x00000000e4c80000,0x00000000e5c80000)
 ParOldGen       total 67072K, used 46375K [0x0000000081400000, 0x0000000085580000, 0x00000000d5c00000)
  object space 67072K, 69% used [0x0000000081400000,0x0000000084149e38,0x0000000085580000)
 Metaspace       used 46091K, capacity 48336K, committed 48640K, reserved 1091584K
  class space    used 5960K, capacity 6379K, committed 6400K, reserved 1048576K
}
Event: 12.264 GC heap before
{Heap before GC invocations=18 (full 2):
 PSYoungGen      total 246272K, used 101169K [0x00000000d5c00000, 0x00000000e5f00000, 0x0000000100000000)
  eden space 229376K, 37% used [0x00000000d5c00000,0x00000000db059080,0x00000000e3c00000)
  from space 16896K, 87% used [0x00000000e3c00000,0x00000000e4a73648,0x00000000e4c80000)
  to   space 16384K, 0% used [0x00000000e4c80000,0x00000000e4c80000,0x00000000e5c80000)
 ParOldGen       total 67072K, used 46375K [0x0000000081400000, 0x0000000085580000, 0x00000000d5c00000)
  object space 67072K, 69% used [0x0000000081400000,0x0000000084149e38,0x0000000085580000)
 Metaspace       used 48909K, capacity 51162K, committed 51328K, reserved 1097728K
  class space    used 6309K, capacity 6718K, committed 6784K, reserved 1048576K
Event: 12.280 GC heap after
Heap after GC invocations=18 (full 2):
 PSYoungGen      total 245760K, used 6740K [0x00000000d5c00000, 0x00000000e5f00000, 0x0000000100000000)
  eden space 229376K, 0% used [0x00000000d5c00000,0x00000000d5c00000,0x00000000e3c00000)
  from space 16384K, 41% used [0x00000000e4c80000,0x00000000e53152d0,0x00000000e5c80000)
  to   space 16896K, 0% used [0x00000000e3c00000,0x00000000e3c00000,0x00000000e4c80000)
 ParOldGen       total 67072K, used 56258K [0x0000000081400000, 0x0000000085580000, 0x00000000d5c00000)
  object space 67072K, 83% used [0x0000000081400000,0x0000000084af0b40,0x0000000085580000)
 Metaspace       used 48909K, capacity 51162K, committed 51328K, reserved 1097728K
  class space    used 6309K, capacity 6718K, committed 6784K, reserved 1048576K
}
Event: 12.280 GC heap before
{Heap before GC invocations=19 (full 3):
 PSYoungGen      total 245760K, used 6740K [0x00000000d5c00000, 0x00000000e5f00000, 0x0000000100000000)
  eden space 229376K, 0% used [0x00000000d5c00000,0x00000000d5c00000,0x00000000e3c00000)
  from space 16384K, 41% used [0x00000000e4c80000,0x00000000e53152d0,0x00000000e5c80000)
  to   space 16896K, 0% used [0x00000000e3c00000,0x00000000e3c00000,0x00000000e4c80000)
 ParOldGen       total 67072K, used 56258K [0x0000000081400000, 0x0000000085580000, 0x00000000d5c00000)
  object space 67072K, 83% used [0x0000000081400000,0x0000000084af0b40,0x0000000085580000)
 Metaspace       used 48909K, capacity 51162K, committed 51328K, reserved 1097728K
  class space    used 6309K, capacity 6718K, committed 6784K, reserved 1048576K
Event: 12.539 GC heap after
Heap after GC invocations=19 (full 3):
 PSYoungGen      total 245760K, used 0K [0x00000000d5c00000, 0x00000000e5f00000, 0x0000000100000000)
  eden space 229376K, 0% used [0x00000000d5c00000,0x00000000d5c00000,0x00000000e3c00000)
  from space 16384K, 0% used [0x00000000e4c80000,0x00000000e4c80000,0x00000000e5c80000)
  to   space 16896K, 0% used [0x00000000e3c00000,0x00000000e3c00000,0x00000000e4c80000)
 ParOldGen       total 67072K, used 56995K [0x0000000081400000, 0x0000000085580000, 0x00000000d5c00000)
  object space 67072K, 84% used [0x0000000081400000,0x0000000084ba8fb0,0x0000000085580000)
 Metaspace       used 48909K, capacity 51162K, committed 51328K, reserved 1095680K
  class space    used 6309K, capacity 6718K, committed 6784K, reserved 1048576K
}

